<?xml version="1.0" encoding="UTF-8"?>
<!-- Generated by org.testng.reporters.JUnitReportReporter -->
<testsuite skipped="0" hostname="BojanJoci" name="pageTests.homePage" tests="1" failures="0" timestamp="2020-03-31T17:38:18 CEST" time="9.085" errors="0">
  <testcase name="women_SummerDressBTN" time="9.085" classname="pageTests.homePage"/>
  <system-out/>
</testsuite> <!-- pageTests.homePage -->
