<?xml version="1.0" encoding="UTF-8"?>
<!-- Generated by org.testng.reporters.JUnitReportReporter -->
<testsuite skipped="0" hostname="BojanJoci" name="pagetests.HomePageTest" tests="3" failures="0" timestamp="2020-04-03T13:16:49 CEST" time="25.007" errors="0">
  <testcase name="twoMethodsURLTest" time="14.957" classname="pagetests.HomePageTest"/>
  <system-out/>
  <testcase name="dressesToSummerDresses" time="4.492" classname="pagetests.HomePageTest"/>
  <system-out/>
  <testcase name="womenToSummerDresses" time="5.558" classname="pagetests.HomePageTest"/>
  <system-out/>
</testsuite> <!-- pagetests.HomePageTest -->
