<?xml version="1.0" encoding="UTF-8"?>
<!-- Generated by org.testng.reporters.JUnitReportReporter -->
<testsuite skipped="0" hostname="BojanJoci" name="pagetests.AutomaticLogInTest" tests="1" failures="0" timestamp="2020-04-03T13:16:49 CEST" time="167.512" errors="0">
  <testcase name="logInUser" time="167.512" classname="pagetests.AutomaticLogInTest"/>
  <system-out/>
</testsuite> <!-- pagetests.AutomaticLogInTest -->
