<?xml version="1.0" encoding="UTF-8"?>
<!-- Generated by org.testng.reporters.JUnitReportReporter -->
<testsuite skipped="0" hostname="BojanJoci" name="pagetests.CartTest" tests="4" failures="0" timestamp="2020-04-03T13:16:49 CEST" time="0.236" errors="0">
  <testcase name="sizeTest" time="0.028" classname="pagetests.CartTest"/>
  <system-out/>
  <testcase name="descriptionTest" time="0.035" classname="pagetests.CartTest"/>
  <system-out/>
  <testcase name="colorTest" time="0.045" classname="pagetests.CartTest"/>
  <system-out/>
  <testcase name="quantityTest" time="0.128" classname="pagetests.CartTest"/>
  <system-out/>
</testsuite> <!-- pagetests.CartTest -->
